<?xml version="1.0" encoding="UTF-8"?>
<!-- Generated by org.testng.reporters.JUnitReportReporter -->
<testsuite skipped="0" hostname="LAPTOP-556PU80H" name="seleniumPracticeTest.FileUploadTest" tests="8" failures="0" timestamp="26 Feb 2022 19:56:26 GMT" time="28.346" errors="0">
  <testcase name="uploadTest" time="3.510" classname="seleniumPracticeTest.FileUploadTest"/>
  <testcase name="uploadTest" time="3.496" classname="seleniumPracticeTest.FileUploadTest"/>
  <testcase name="uploadTest" time="3.625" classname="seleniumPracticeTest.FileUploadTest"/>
  <testcase name="uploadTest" time="3.488" classname="seleniumPracticeTest.FileUploadTest"/>
  <testcase name="uploadTest" time="3.486" classname="seleniumPracticeTest.FileUploadTest"/>
  <testcase name="uploadTest" time="3.778" classname="seleniumPracticeTest.FileUploadTest"/>
  <testcase name="uploadTest" time="3.467" classname="seleniumPracticeTest.FileUploadTest"/>
  <testcase name="uploadTest" time="3.496" classname="seleniumPracticeTest.FileUploadTest"/>
</testsuite> <!-- seleniumPracticeTest.FileUploadTest -->
